<?xml version="1.0" encoding="UTF-8"?>
<testng-results skipped="0" failed="0" total="1" passed="1">
  <reporter-output>
  </reporter-output>
  <suite name="Suite" duration-ms="14988" started-at="2017-08-14T17:13:43Z" finished-at="2017-08-14T17:13:58Z">
    <groups>
      <group name="cucumber">
        <method signature="AbstractTestNGCucumberTests.feature(cucumber.api.testng.CucumberFeatureWrapper)[pri:0, instance:example.RunTestNG@5a168992]" name="feature" class="cucumber.api.testng.AbstractTestNGCucumberTests"/>
      </group> <!-- cucumber -->
    </groups>
    <test name="Test" duration-ms="14988" started-at="2017-08-14T17:13:43Z" finished-at="2017-08-14T17:13:58Z">
      <class name="example.RunTestNG">
        <test-method status="PASS" signature="setUpClass()[pri:0, instance:example.RunTestNG@5a168992]" name="setUpClass" is-config="true" duration-ms="251" started-at="2017-08-14T22:43:43Z" finished-at="2017-08-14T22:43:44Z">
          <reporter-output>
          </reporter-output>
        </test-method> <!-- setUpClass -->
        <test-method status="PASS" signature="feature(cucumber.api.testng.CucumberFeatureWrapper)[pri:0, instance:example.RunTestNG@5a168992]" name="feature" duration-ms="14660" started-at="2017-08-14T22:43:44Z" description="Runs Cucumber Feature" data-provider="features" finished-at="2017-08-14T22:43:58Z">
          <params>
            <param index="0">
              <value>
                <![CDATA[DC Smoke Test Suite - Development]]>
              </value>
            </param>
          </params>
          <reporter-output>
          </reporter-output>
        </test-method> <!-- feature -->
        <test-method status="PASS" signature="tearDownClass()[pri:0, instance:example.RunTestNG@5a168992]" name="tearDownClass" is-config="true" duration-ms="4" started-at="2017-08-14T22:43:58Z" finished-at="2017-08-14T22:43:58Z">
          <reporter-output>
          </reporter-output>
        </test-method> <!-- tearDownClass -->
      </class> <!-- example.RunTestNG -->
    </test> <!-- Test -->
  </suite> <!-- Suite -->
</testng-results>
