<?xml version="1.0" encoding="UTF-8"?>
<testng-results skipped="0" failed="1" total="2" passed="1">
  <reporter-output>
    <line>
      <![CDATA[14:46:05 [INFO] ############# Loading Config and one time loaded Resources #############]]>
    </line>
    <line>
      <![CDATA[14:46:05 [INFO] ############# configuration files is loaded]]>
    </line>
    <line>
      <![CDATA[14:46:06 [INFO] ############# Object Repository files is loaded]]>
    </line>
    <line>
      <![CDATA[14:46:06 [INFO] ############# Screen shot = ON]]>
    </line>
    <line>
      <![CDATA[14:46:06 [INFO] ############# FailedScreenshot Path = Resources//screenshots//Failed]]>
    </line>
    <line>
      <![CDATA[14:46:06 [INFO] ############# PassedScreenshot Path = Resources//screenshots//Passed]]>
    </line>
    <line>
      <![CDATA[14:46:07 [INFO] ########################################################################]]>
    </line>
    <line>
      <![CDATA[14:46:08 [INFO] Initializing browser]]>
    </line>
    <line>
      <![CDATA[14:46:11 [INFO] Navigating http://dc-autonoida.iii.com/iii/dc-noida/login/auth]]>
    </line>
    <line>
      <![CDATA[14:46:15 [INFO] Passed ScreenShots Saved]]>
    </line>
    <line>
      <![CDATA[14:46:16 [INFO] Passed ScreenShots Saved]]>
    </line>
    <line>
      <![CDATA[14:46:16 [INFO] no alert open
  (Session info: chrome=61.0.3163.100)
  (Driver info: chromedriver=2.29.461591 (62ebf098771772160f391d75e589dc567915b233),platform=Windows NT 6.1.7601 SP1 x86_64) (WARNING: The server did not provide any stacktrace information)
Command duration or timeout: 11 milliseconds
Build info: version: '3.4.0', revision: 'unknown', time: 'unknown'
System info: host: 'DEL1-LHP-N00608', ip: '172.16.77.144', os.name: 'Windows 7', os.arch: 'amd64', os.version: '6.1', java.version: '1.8.0_131'
Driver info: org.openqa.selenium.chrome.ChromeDriver
Capabilities [{applicationCacheEnabled=false, rotatable=false, mobileEmulationEnabled=false, networkConnectionEnabled=false, chrome={chromedriverVersion=2.29.461591 (62ebf098771772160f391d75e589dc567915b233), userDataDir=C:\Users\HITEND~1.PAW\AppData\Local\Temp\scoped_dir15368_17824}, takesHeapSnapshot=true, pageLoadStrategy=normal, databaseEnabled=false, handlesAlerts=true, hasTouchScreen=false, version=61.0.3163.100, platform=XP, browserConnectionEnabled=false, nativeEvents=true, acceptSslCerts=true, locationContextEnabled=true, webStorageEnabled=true, browserName=chrome, takesScreenshot=true, javascriptEnabled=true, cssSelectorsEnabled=true, unexpectedAlertBehaviour=}]
Session ID: 905467c7419e80d3915dcfed4f2d7943]]>
    </line>
    <line>
      <![CDATA[14:46:17 [INFO] Passed ScreenShots Saved]]>
    </line>
    <line>
      <![CDATA[14:46:17 [INFO] ########################################################################]]>
    </line>
    <line>
      <![CDATA[14:46:18 [INFO] Set flag BUFFER_LOCKED value FALSE]]>
    </line>
    <line>
      <![CDATA[14:46:23 [INFO] ########################################################################]]>
    </line>
    <line>
      <![CDATA[14:46:23 [INFO] Initializing browser]]>
    </line>
    <line>
      <![CDATA[14:46:25 [INFO] Navigating http://dc-autonoida.iii.com/iii/dc-noida/login/auth]]>
    </line>
    <line>
      <![CDATA[14:46:28 [INFO] Passed ScreenShots Saved]]>
    </line>
  </reporter-output>
  <suite name="Suite" duration-ms="21759" started-at="2017-11-03T09:16:06Z" finished-at="2017-11-03T09:16:28Z">
    <groups>
      <group name="cucumber">
        <method signature="AbstractTestNGCucumberTests.feature(cucumber.api.testng.CucumberFeatureWrapper)[pri:0, instance:appCucumberRunner.DCAllRunner@145f66e3]" name="feature" class="cucumber.api.testng.AbstractTestNGCucumberTests"/>
      </group> <!-- cucumber -->
    </groups>
    <test name="Test" duration-ms="21759" started-at="2017-11-03T09:16:06Z" finished-at="2017-11-03T09:16:28Z">
      <class name="appCucumberRunner.DCAllRunner">
        <test-method status="PASS" signature="setUpClass()[pri:0, instance:appCucumberRunner.DCAllRunner@145f66e3]" name="setUpClass" is-config="true" duration-ms="284" started-at="2017-11-03T14:46:06Z" finished-at="2017-11-03T14:46:06Z">
          <reporter-output>
          </reporter-output>
        </test-method> <!-- setUpClass -->
        <test-method status="PASS" signature="feature(cucumber.api.testng.CucumberFeatureWrapper)[pri:0, instance:appCucumberRunner.DCAllRunner@145f66e3]" name="feature" duration-ms="15961" started-at="2017-11-03T14:46:07Z" description="Runs Cucumber Feature" data-provider="features" finished-at="2017-11-03T14:46:23Z">
          <params>
            <param index="0">
              <value>
                <![CDATA[Balancing-Collection Use -> Subject Use]]>
              </value>
            </param>
          </params>
          <reporter-output>
            <line>
              <![CDATA[14:46:07 [INFO] ########################################################################]]>
            </line>
            <line>
              <![CDATA[14:46:08 [INFO] Initializing browser]]>
            </line>
            <line>
              <![CDATA[14:46:11 [INFO] Navigating http://dc-autonoida.iii.com/iii/dc-noida/login/auth]]>
            </line>
            <line>
              <![CDATA[14:46:15 [INFO] Passed ScreenShots Saved]]>
            </line>
            <line>
              <![CDATA[14:46:16 [INFO] Passed ScreenShots Saved]]>
            </line>
            <line>
              <![CDATA[14:46:16 [INFO] no alert open
  (Session info: chrome=61.0.3163.100)
  (Driver info: chromedriver=2.29.461591 (62ebf098771772160f391d75e589dc567915b233),platform=Windows NT 6.1.7601 SP1 x86_64) (WARNING: The server did not provide any stacktrace information)
Command duration or timeout: 11 milliseconds
Build info: version: '3.4.0', revision: 'unknown', time: 'unknown'
System info: host: 'DEL1-LHP-N00608', ip: '172.16.77.144', os.name: 'Windows 7', os.arch: 'amd64', os.version: '6.1', java.version: '1.8.0_131'
Driver info: org.openqa.selenium.chrome.ChromeDriver
Capabilities [{applicationCacheEnabled=false, rotatable=false, mobileEmulationEnabled=false, networkConnectionEnabled=false, chrome={chromedriverVersion=2.29.461591 (62ebf098771772160f391d75e589dc567915b233), userDataDir=C:\Users\HITEND~1.PAW\AppData\Local\Temp\scoped_dir15368_17824}, takesHeapSnapshot=true, pageLoadStrategy=normal, databaseEnabled=false, handlesAlerts=true, hasTouchScreen=false, version=61.0.3163.100, platform=XP, browserConnectionEnabled=false, nativeEvents=true, acceptSslCerts=true, locationContextEnabled=true, webStorageEnabled=true, browserName=chrome, takesScreenshot=true, javascriptEnabled=true, cssSelectorsEnabled=true, unexpectedAlertBehaviour=}]
Session ID: 905467c7419e80d3915dcfed4f2d7943]]>
            </line>
            <line>
              <![CDATA[14:46:17 [INFO] Passed ScreenShots Saved]]>
            </line>
            <line>
              <![CDATA[14:46:17 [INFO] ########################################################################]]>
            </line>
            <line>
              <![CDATA[14:46:18 [INFO] Set flag BUFFER_LOCKED value FALSE]]>
            </line>
          </reporter-output>
        </test-method> <!-- feature -->
        <test-method status="FAIL" signature="feature(cucumber.api.testng.CucumberFeatureWrapper)[pri:0, instance:appCucumberRunner.DCAllRunner@145f66e3]" name="feature" duration-ms="5342" started-at="2017-11-03T14:46:23Z" description="Runs Cucumber Feature" data-provider="features" finished-at="2017-11-03T14:46:28Z">
          <params>
            <param index="0">
              <value>
                <![CDATA[Maintenance-Clean-up -> Missing Items]]>
              </value>
            </param>
          </params>
          <exception class="cucumber.runtime.CucumberException">
            <message>
              <![CDATA[java.lang.AssertionError: utniennndd expected [true] but found [false]]]>
            </message>
            <full-stacktrace>
              <![CDATA[cucumber.runtime.CucumberException: java.lang.AssertionError: utniennndd expected [true] but found [false]
	at cucumber.api.testng.TestNGCucumberRunner.runCucumber(TestNGCucumberRunner.java:69)
	at cucumber.api.testng.AbstractTestNGCucumberTests.feature(AbstractTestNGCucumberTests.java:21)
	at sun.reflect.NativeMethodAccessorImpl.invoke0(Native Method)
	at sun.reflect.NativeMethodAccessorImpl.invoke(Unknown Source)
	at sun.reflect.DelegatingMethodAccessorImpl.invoke(Unknown Source)
	at java.lang.reflect.Method.invoke(Unknown Source)
	at org.testng.internal.MethodInvocationHelper.invokeMethod(MethodInvocationHelper.java:80)
	at org.testng.internal.Invoker.invokeMethod(Invoker.java:714)
	at org.testng.internal.Invoker.invokeTestMethod(Invoker.java:901)
	at org.testng.internal.Invoker.invokeTestMethods(Invoker.java:1231)
	at org.testng.internal.TestMethodWorker.invokeTestMethods(TestMethodWorker.java:127)
	at org.testng.internal.TestMethodWorker.run(TestMethodWorker.java:111)
	at org.testng.TestRunner.privateRun(TestRunner.java:767)
	at org.testng.TestRunner.run(TestRunner.java:617)
	at org.testng.SuiteRunner.runTest(SuiteRunner.java:334)
	at org.testng.SuiteRunner.runSequentially(SuiteRunner.java:329)
	at org.testng.SuiteRunner.privateRun(SuiteRunner.java:291)
	at org.testng.SuiteRunner.run(SuiteRunner.java:240)
	at org.testng.SuiteRunnerWorker.runSuite(SuiteRunnerWorker.java:52)
	at org.testng.SuiteRunnerWorker.run(SuiteRunnerWorker.java:86)
	at org.testng.TestNG.runSuitesSequentially(TestNG.java:1198)
	at org.testng.TestNG.runSuitesLocally(TestNG.java:1123)
	at org.testng.TestNG.run(TestNG.java:1031)
	at comTestRunner.MainRunner.main(MainRunner.java:33)
Caused by: java.lang.AssertionError: utniennndd expected [true] but found [false]
	at org.testng.Assert.fail(Assert.java:94)
	at org.testng.Assert.failNotEquals(Assert.java:494)
	at org.testng.Assert.assertTrue(Assert.java:42)
	at app.web.ui.pages.DCLoginPage.verifyTextONLogin(DCLoginPage.java:70)
	at appCucumberStepsDefinations.DCMaintenanceFea_Step.Logout1(DCMaintenanceFea_Step.java:49)
	at âœ½.Then Weeding User has verified(Maintenance/DCMaintenance_CleanupMissingItems.feature:6)
]]>
            </full-stacktrace>
          </exception> <!-- cucumber.runtime.CucumberException -->
          <reporter-output>
            <line>
              <![CDATA[14:46:23 [INFO] ########################################################################]]>
            </line>
            <line>
              <![CDATA[14:46:23 [INFO] Initializing browser]]>
            </line>
            <line>
              <![CDATA[14:46:25 [INFO] Navigating http://dc-autonoida.iii.com/iii/dc-noida/login/auth]]>
            </line>
            <line>
              <![CDATA[14:46:28 [INFO] Passed ScreenShots Saved]]>
            </line>
          </reporter-output>
        </test-method> <!-- feature -->
        <test-method status="PASS" signature="tearDownClass()[pri:0, instance:appCucumberRunner.DCAllRunner@145f66e3]" name="tearDownClass" is-config="true" duration-ms="87" started-at="2017-11-03T14:46:28Z" finished-at="2017-11-03T14:46:28Z">
          <reporter-output>
          </reporter-output>
        </test-method> <!-- tearDownClass -->
      </class> <!-- appCucumberRunner.DCAllRunner -->
    </test> <!-- Test -->
  </suite> <!-- Suite -->
</testng-results>
