<?xml version="1.0" encoding="UTF-8"?>
<!-- Generated by org.testng.reporters.JUnitXMLReporter -->
<testsuite hostname="DEL1-LHP-N00608" name="Test" tests="1" failures="0" timestamp="17 Oct 2017 03:44:58 GMT" time="0.039" errors="0">
  <testcase name="@BeforeClass setUpClass" time="0.0" classname="testCuucmber.DCTestRunner">
    <failure type="cucumber.runtime.DuplicateStepDefinitionException" message="Duplicate step definitions in testCuucmber.testClass.login1() in file:/D:/Hit_Worksapce2/iii-dc-automation/target/test-classes/ and testCuucmber.dcTest.DCLogin() in file:/D:/Hit_Worksapce2/iii-dc-automation/target/test-classes/">
      <![CDATA[cucumber.runtime.DuplicateStepDefinitionException: Duplicate step definitions in testCuucmber.testClass.login1() in file:/D:/Hit_Worksapce2/iii-dc-automation/target/test-classes/ and testCuucmber.dcTest.DCLogin() in file:/D:/Hit_Worksapce2/iii-dc-automation/target/test-classes/
	at cucumber.runtime.RuntimeGlue.addStepDefinition(RuntimeGlue.java:33)
	at cucumber.runtime.java.JavaBackend.addStepDefinition(JavaBackend.java:151)
	at cucumber.runtime.java.MethodScanner.scan(MethodScanner.java:68)
	at cucumber.runtime.java.MethodScanner.scan(MethodScanner.java:41)
	at cucumber.runtime.java.JavaBackend.loadGlue(JavaBackend.java:86)
	at cucumber.runtime.Runtime.<init>(Runtime.java:91)
	at cucumber.runtime.Runtime.<init>(Runtime.java:69)
	at cucumber.runtime.Runtime.<init>(Runtime.java:65)
	at cucumber.api.testng.TestNGCucumberRunner.<init>(TestNGCucumberRunner.java:42)
	at cucumber.api.testng.AbstractTestNGCucumberTests.setUpClass(AbstractTestNGCucumberTests.java:16)
	at testCuucmber.MainSuites.login2(MainSuites.java:58)
... Removed 45 stack frames]]>
    </failure>
  </testcase> <!-- @BeforeClass setUpClass -->
  <testcase name="@AfterClass tearDownClass" time="0.0" classname="testCuucmber.DCTestRunner">
    <skipped/>
  </testcase> <!-- @AfterClass tearDownClass -->
  <testcase name="feature" time="0.0" classname="testCuucmber.DCTestRunner">
    <skipped/>
  </testcase> <!-- feature -->
</testsuite> <!-- Test -->
