<?xml version="1.0" encoding="UTF-8"?>
<testng-results skipped="0" failed="0" total="2" passed="2">
  <reporter-output>
    <line>
      <![CDATA[12:38:52 [INFO] ########################################################################]]>
    </line>
    <line>
      <![CDATA[12:38:54 [INFO] Initializing browser]]>
    </line>
    <line>
      <![CDATA[12:38:58 [INFO] Navigating http://dc-autonoida.iii.com/iii/dc-noida/login/auth]]>
    </line>
    <line>
      <![CDATA[12:39:23 [INFO] no alert open
  (Session info: chrome=61.0.3163.100)
  (Driver info: chromedriver=2.29.461591 (62ebf098771772160f391d75e589dc567915b233),platform=Windows NT 6.1.7601 SP1 x86_64) (WARNING: The server did not provide any stacktrace information)
Command duration or timeout: 10 milliseconds
Build info: version: '3.4.0', revision: 'unknown', time: 'unknown'
System info: host: 'DEL1-LHP-N00608', ip: '10.27.1.204', os.name: 'Windows 7', os.arch: 'amd64', os.version: '6.1', java.version: '1.8.0_131'
Driver info: org.openqa.selenium.chrome.ChromeDriver
Capabilities [{applicationCacheEnabled=false, rotatable=false, mobileEmulationEnabled=false, networkConnectionEnabled=false, chrome={chromedriverVersion=2.29.461591 (62ebf098771772160f391d75e589dc567915b233), userDataDir=C:\Users\HITEND~1.PAW\AppData\Local\Temp\scoped_dir25132_16131}, takesHeapSnapshot=true, pageLoadStrategy=normal, databaseEnabled=false, handlesAlerts=true, hasTouchScreen=false, version=61.0.3163.100, platform=XP, browserConnectionEnabled=false, nativeEvents=true, acceptSslCerts=true, locationContextEnabled=true, webStorageEnabled=true, browserName=chrome, takesScreenshot=true, javascriptEnabled=true, cssSelectorsEnabled=true, unexpectedAlertBehaviour=}]
Session ID: 9b23b28364099671161f9df83cc6d711]]>
    </line>
    <line>
      <![CDATA[12:39:23 [INFO] <a href="..\..\..\..\artifact\test-output\screenshots\2017_10_22_12_39_23_857.png">Screenshot</a>]]>
    </line>
    <line>
      <![CDATA[12:39:23 [INFO] ########################################################################]]>
    </line>
    <line>
      <![CDATA[12:39:24 [INFO] Set flag BUFFER_LOCKED value FALSE]]>
    </line>
    <line>
      <![CDATA[12:39:29 [INFO] ########################################################################]]>
    </line>
    <line>
      <![CDATA[12:39:29 [INFO] Initializing browser]]>
    </line>
    <line>
      <![CDATA[12:39:32 [INFO] Navigating http://dc-autonoida.iii.com/iii/dc-noida/login/auth]]>
    </line>
    <line>
      <![CDATA[12:40:02 [INFO] no alert open
  (Session info: chrome=61.0.3163.100)
  (Driver info: chromedriver=2.29.461591 (62ebf098771772160f391d75e589dc567915b233),platform=Windows NT 6.1.7601 SP1 x86_64) (WARNING: The server did not provide any stacktrace information)
Command duration or timeout: 5 milliseconds
Build info: version: '3.4.0', revision: 'unknown', time: 'unknown'
System info: host: 'DEL1-LHP-N00608', ip: '10.27.1.204', os.name: 'Windows 7', os.arch: 'amd64', os.version: '6.1', java.version: '1.8.0_131'
Driver info: org.openqa.selenium.chrome.ChromeDriver
Capabilities [{applicationCacheEnabled=false, rotatable=false, mobileEmulationEnabled=false, networkConnectionEnabled=false, chrome={chromedriverVersion=2.29.461591 (62ebf098771772160f391d75e589dc567915b233), userDataDir=C:\Users\HITEND~1.PAW\AppData\Local\Temp\scoped_dir1600_16183}, takesHeapSnapshot=true, pageLoadStrategy=normal, databaseEnabled=false, handlesAlerts=true, hasTouchScreen=false, version=61.0.3163.100, platform=XP, browserConnectionEnabled=false, nativeEvents=true, acceptSslCerts=true, locationContextEnabled=true, webStorageEnabled=true, browserName=chrome, takesScreenshot=true, javascriptEnabled=true, cssSelectorsEnabled=true, unexpectedAlertBehaviour=}]
Session ID: dd7393143552d09cc10505e59cee659a]]>
    </line>
    <line>
      <![CDATA[12:40:02 [INFO] <a href="..\..\..\..\artifact\test-output\screenshots\2017_10_22_12_40_02_826.png">Screenshot</a>]]>
    </line>
    <line>
      <![CDATA[12:40:02 [INFO] ########################################################################]]>
    </line>
    <line>
      <![CDATA[12:40:03 [INFO] Set flag BUFFER_LOCKED value FALSE]]>
    </line>
    <line>
      <![CDATA[12:40:08 [INFO] ########################################################################]]>
    </line>
    <line>
      <![CDATA[12:40:08 [INFO] Initializing browser]]>
    </line>
    <line>
      <![CDATA[12:40:11 [INFO] Navigating http://dc-autonoida.iii.com/iii/dc-noida/login/auth]]>
    </line>
    <line>
      <![CDATA[12:40:41 [INFO] no alert open
  (Session info: chrome=61.0.3163.100)
  (Driver info: chromedriver=2.29.461591 (62ebf098771772160f391d75e589dc567915b233),platform=Windows NT 6.1.7601 SP1 x86_64) (WARNING: The server did not provide any stacktrace information)
Command duration or timeout: 3 milliseconds
Build info: version: '3.4.0', revision: 'unknown', time: 'unknown'
System info: host: 'DEL1-LHP-N00608', ip: '10.27.1.204', os.name: 'Windows 7', os.arch: 'amd64', os.version: '6.1', java.version: '1.8.0_131'
Driver info: org.openqa.selenium.chrome.ChromeDriver
Capabilities [{applicationCacheEnabled=false, rotatable=false, mobileEmulationEnabled=false, networkConnectionEnabled=false, chrome={chromedriverVersion=2.29.461591 (62ebf098771772160f391d75e589dc567915b233), userDataDir=C:\Users\HITEND~1.PAW\AppData\Local\Temp\scoped_dir16892_9778}, takesHeapSnapshot=true, pageLoadStrategy=normal, databaseEnabled=false, handlesAlerts=true, hasTouchScreen=false, version=61.0.3163.100, platform=XP, browserConnectionEnabled=false, nativeEvents=true, acceptSslCerts=true, locationContextEnabled=true, webStorageEnabled=true, browserName=chrome, takesScreenshot=true, javascriptEnabled=true, cssSelectorsEnabled=true, unexpectedAlertBehaviour=}]
Session ID: fc6e06a0a8e195233b04abd764f68e1c]]>
    </line>
    <line>
      <![CDATA[12:40:41 [INFO] <a href="..\..\..\..\artifact\test-output\screenshots\2017_10_22_12_40_41_589.png">Screenshot</a>]]>
    </line>
    <line>
      <![CDATA[12:40:41 [INFO] ########################################################################]]>
    </line>
    <line>
      <![CDATA[12:40:42 [INFO] Set flag BUFFER_LOCKED value FALSE]]>
    </line>
    <line>
      <![CDATA[12:40:46 [INFO] ########################################################################]]>
    </line>
    <line>
      <![CDATA[12:40:46 [INFO] Initializing browser]]>
    </line>
    <line>
      <![CDATA[12:40:49 [INFO] Navigating http://dc-autonoida.iii.com/iii/dc-noida/login/auth]]>
    </line>
    <line>
      <![CDATA[12:41:16 [INFO] no alert open
  (Session info: chrome=61.0.3163.100)
  (Driver info: chromedriver=2.29.461591 (62ebf098771772160f391d75e589dc567915b233),platform=Windows NT 6.1.7601 SP1 x86_64) (WARNING: The server did not provide any stacktrace information)
Command duration or timeout: 5 milliseconds
Build info: version: '3.4.0', revision: 'unknown', time: 'unknown'
System info: host: 'DEL1-LHP-N00608', ip: '10.27.1.204', os.name: 'Windows 7', os.arch: 'amd64', os.version: '6.1', java.version: '1.8.0_131'
Driver info: org.openqa.selenium.chrome.ChromeDriver
Capabilities [{applicationCacheEnabled=false, rotatable=false, mobileEmulationEnabled=false, networkConnectionEnabled=false, chrome={chromedriverVersion=2.29.461591 (62ebf098771772160f391d75e589dc567915b233), userDataDir=C:\Users\HITEND~1.PAW\AppData\Local\Temp\scoped_dir17468_8513}, takesHeapSnapshot=true, pageLoadStrategy=normal, databaseEnabled=false, handlesAlerts=true, hasTouchScreen=false, version=61.0.3163.100, platform=XP, browserConnectionEnabled=false, nativeEvents=true, acceptSslCerts=true, locationContextEnabled=true, webStorageEnabled=true, browserName=chrome, takesScreenshot=true, javascriptEnabled=true, cssSelectorsEnabled=true, unexpectedAlertBehaviour=}]
Session ID: cbebb52571be27af5ab284150dc6828e]]>
    </line>
    <line>
      <![CDATA[12:41:17 [INFO] <a href="..\..\..\..\artifact\test-output\screenshots\2017_10_22_12_41_17_279.png">Screenshot</a>]]>
    </line>
    <line>
      <![CDATA[12:41:17 [INFO] ########################################################################]]>
    </line>
    <line>
      <![CDATA[12:41:18 [INFO] Set flag BUFFER_LOCKED value FALSE]]>
    </line>
  </reporter-output>
  <suite name="Suite" duration-ms="150909" started-at="2017-10-22T07:08:51Z" finished-at="2017-10-22T07:11:22Z">
    <groups>
      <group name="cucumber">
        <method signature="AbstractTestNGCucumberTests.feature(cucumber.api.testng.CucumberFeatureWrapper)[pri:0, instance:appCucumberRunner.DCAllRunner@398f8526]" name="feature" class="cucumber.api.testng.AbstractTestNGCucumberTests"/>
      </group> <!-- cucumber -->
    </groups>
    <test name="Test" duration-ms="150909" started-at="2017-10-22T07:08:51Z" finished-at="2017-10-22T07:11:22Z">
      <class name="appCucumberRunner.DCAllRunner">
        <test-method status="PASS" signature="setUpClass()[pri:0, instance:appCucumberRunner.DCAllRunner@398f8526]" name="setUpClass" is-config="true" duration-ms="237" started-at="2017-10-22T12:38:51Z" finished-at="2017-10-22T12:38:51Z">
          <reporter-output>
          </reporter-output>
        </test-method> <!-- setUpClass -->
        <test-method status="PASS" signature="feature(cucumber.api.testng.CucumberFeatureWrapper)[pri:0, instance:appCucumberRunner.DCAllRunner@398f8526]" name="feature" duration-ms="75836" started-at="2017-10-22T12:38:52Z" description="Runs Cucumber Feature" data-provider="features" finished-at="2017-10-22T12:40:08Z">
          <params>
            <param index="0">
              <value>
                <![CDATA[Balancing-Collection Use -> Subject Use]]>
              </value>
            </param>
          </params>
          <reporter-output>
            <line>
              <![CDATA[12:38:52 [INFO] ########################################################################]]>
            </line>
            <line>
              <![CDATA[12:38:54 [INFO] Initializing browser]]>
            </line>
            <line>
              <![CDATA[12:38:58 [INFO] Navigating http://dc-autonoida.iii.com/iii/dc-noida/login/auth]]>
            </line>
            <line>
              <![CDATA[12:39:23 [INFO] no alert open
  (Session info: chrome=61.0.3163.100)
  (Driver info: chromedriver=2.29.461591 (62ebf098771772160f391d75e589dc567915b233),platform=Windows NT 6.1.7601 SP1 x86_64) (WARNING: The server did not provide any stacktrace information)
Command duration or timeout: 10 milliseconds
Build info: version: '3.4.0', revision: 'unknown', time: 'unknown'
System info: host: 'DEL1-LHP-N00608', ip: '10.27.1.204', os.name: 'Windows 7', os.arch: 'amd64', os.version: '6.1', java.version: '1.8.0_131'
Driver info: org.openqa.selenium.chrome.ChromeDriver
Capabilities [{applicationCacheEnabled=false, rotatable=false, mobileEmulationEnabled=false, networkConnectionEnabled=false, chrome={chromedriverVersion=2.29.461591 (62ebf098771772160f391d75e589dc567915b233), userDataDir=C:\Users\HITEND~1.PAW\AppData\Local\Temp\scoped_dir25132_16131}, takesHeapSnapshot=true, pageLoadStrategy=normal, databaseEnabled=false, handlesAlerts=true, hasTouchScreen=false, version=61.0.3163.100, platform=XP, browserConnectionEnabled=false, nativeEvents=true, acceptSslCerts=true, locationContextEnabled=true, webStorageEnabled=true, browserName=chrome, takesScreenshot=true, javascriptEnabled=true, cssSelectorsEnabled=true, unexpectedAlertBehaviour=}]
Session ID: 9b23b28364099671161f9df83cc6d711]]>
            </line>
            <line>
              <![CDATA[12:39:23 [INFO] <a href="..\..\..\..\artifact\test-output\screenshots\2017_10_22_12_39_23_857.png">Screenshot</a>]]>
            </line>
            <line>
              <![CDATA[12:39:23 [INFO] ########################################################################]]>
            </line>
            <line>
              <![CDATA[12:39:24 [INFO] Set flag BUFFER_LOCKED value FALSE]]>
            </line>
            <line>
              <![CDATA[12:39:29 [INFO] ########################################################################]]>
            </line>
            <line>
              <![CDATA[12:39:29 [INFO] Initializing browser]]>
            </line>
            <line>
              <![CDATA[12:39:32 [INFO] Navigating http://dc-autonoida.iii.com/iii/dc-noida/login/auth]]>
            </line>
            <line>
              <![CDATA[12:40:02 [INFO] no alert open
  (Session info: chrome=61.0.3163.100)
  (Driver info: chromedriver=2.29.461591 (62ebf098771772160f391d75e589dc567915b233),platform=Windows NT 6.1.7601 SP1 x86_64) (WARNING: The server did not provide any stacktrace information)
Command duration or timeout: 5 milliseconds
Build info: version: '3.4.0', revision: 'unknown', time: 'unknown'
System info: host: 'DEL1-LHP-N00608', ip: '10.27.1.204', os.name: 'Windows 7', os.arch: 'amd64', os.version: '6.1', java.version: '1.8.0_131'
Driver info: org.openqa.selenium.chrome.ChromeDriver
Capabilities [{applicationCacheEnabled=false, rotatable=false, mobileEmulationEnabled=false, networkConnectionEnabled=false, chrome={chromedriverVersion=2.29.461591 (62ebf098771772160f391d75e589dc567915b233), userDataDir=C:\Users\HITEND~1.PAW\AppData\Local\Temp\scoped_dir1600_16183}, takesHeapSnapshot=true, pageLoadStrategy=normal, databaseEnabled=false, handlesAlerts=true, hasTouchScreen=false, version=61.0.3163.100, platform=XP, browserConnectionEnabled=false, nativeEvents=true, acceptSslCerts=true, locationContextEnabled=true, webStorageEnabled=true, browserName=chrome, takesScreenshot=true, javascriptEnabled=true, cssSelectorsEnabled=true, unexpectedAlertBehaviour=}]
Session ID: dd7393143552d09cc10505e59cee659a]]>
            </line>
            <line>
              <![CDATA[12:40:02 [INFO] <a href="..\..\..\..\artifact\test-output\screenshots\2017_10_22_12_40_02_826.png">Screenshot</a>]]>
            </line>
            <line>
              <![CDATA[12:40:02 [INFO] ########################################################################]]>
            </line>
            <line>
              <![CDATA[12:40:03 [INFO] Set flag BUFFER_LOCKED value FALSE]]>
            </line>
          </reporter-output>
        </test-method> <!-- feature -->
        <test-method status="PASS" signature="feature(cucumber.api.testng.CucumberFeatureWrapper)[pri:0, instance:appCucumberRunner.DCAllRunner@398f8526]" name="feature" duration-ms="74471" started-at="2017-10-22T12:40:08Z" description="Runs Cucumber Feature" data-provider="features" finished-at="2017-10-22T12:41:22Z">
          <params>
            <param index="0">
              <value>
                <![CDATA[Maintenance-Clean-up -> Missing Items]]>
              </value>
            </param>
          </params>
          <reporter-output>
            <line>
              <![CDATA[12:40:08 [INFO] ########################################################################]]>
            </line>
            <line>
              <![CDATA[12:40:08 [INFO] Initializing browser]]>
            </line>
            <line>
              <![CDATA[12:40:11 [INFO] Navigating http://dc-autonoida.iii.com/iii/dc-noida/login/auth]]>
            </line>
            <line>
              <![CDATA[12:40:41 [INFO] no alert open
  (Session info: chrome=61.0.3163.100)
  (Driver info: chromedriver=2.29.461591 (62ebf098771772160f391d75e589dc567915b233),platform=Windows NT 6.1.7601 SP1 x86_64) (WARNING: The server did not provide any stacktrace information)
Command duration or timeout: 3 milliseconds
Build info: version: '3.4.0', revision: 'unknown', time: 'unknown'
System info: host: 'DEL1-LHP-N00608', ip: '10.27.1.204', os.name: 'Windows 7', os.arch: 'amd64', os.version: '6.1', java.version: '1.8.0_131'
Driver info: org.openqa.selenium.chrome.ChromeDriver
Capabilities [{applicationCacheEnabled=false, rotatable=false, mobileEmulationEnabled=false, networkConnectionEnabled=false, chrome={chromedriverVersion=2.29.461591 (62ebf098771772160f391d75e589dc567915b233), userDataDir=C:\Users\HITEND~1.PAW\AppData\Local\Temp\scoped_dir16892_9778}, takesHeapSnapshot=true, pageLoadStrategy=normal, databaseEnabled=false, handlesAlerts=true, hasTouchScreen=false, version=61.0.3163.100, platform=XP, browserConnectionEnabled=false, nativeEvents=true, acceptSslCerts=true, locationContextEnabled=true, webStorageEnabled=true, browserName=chrome, takesScreenshot=true, javascriptEnabled=true, cssSelectorsEnabled=true, unexpectedAlertBehaviour=}]
Session ID: fc6e06a0a8e195233b04abd764f68e1c]]>
            </line>
            <line>
              <![CDATA[12:40:41 [INFO] <a href="..\..\..\..\artifact\test-output\screenshots\2017_10_22_12_40_41_589.png">Screenshot</a>]]>
            </line>
            <line>
              <![CDATA[12:40:41 [INFO] ########################################################################]]>
            </line>
            <line>
              <![CDATA[12:40:42 [INFO] Set flag BUFFER_LOCKED value FALSE]]>
            </line>
            <line>
              <![CDATA[12:40:46 [INFO] ########################################################################]]>
            </line>
            <line>
              <![CDATA[12:40:46 [INFO] Initializing browser]]>
            </line>
            <line>
              <![CDATA[12:40:49 [INFO] Navigating http://dc-autonoida.iii.com/iii/dc-noida/login/auth]]>
            </line>
            <line>
              <![CDATA[12:41:16 [INFO] no alert open
  (Session info: chrome=61.0.3163.100)
  (Driver info: chromedriver=2.29.461591 (62ebf098771772160f391d75e589dc567915b233),platform=Windows NT 6.1.7601 SP1 x86_64) (WARNING: The server did not provide any stacktrace information)
Command duration or timeout: 5 milliseconds
Build info: version: '3.4.0', revision: 'unknown', time: 'unknown'
System info: host: 'DEL1-LHP-N00608', ip: '10.27.1.204', os.name: 'Windows 7', os.arch: 'amd64', os.version: '6.1', java.version: '1.8.0_131'
Driver info: org.openqa.selenium.chrome.ChromeDriver
Capabilities [{applicationCacheEnabled=false, rotatable=false, mobileEmulationEnabled=false, networkConnectionEnabled=false, chrome={chromedriverVersion=2.29.461591 (62ebf098771772160f391d75e589dc567915b233), userDataDir=C:\Users\HITEND~1.PAW\AppData\Local\Temp\scoped_dir17468_8513}, takesHeapSnapshot=true, pageLoadStrategy=normal, databaseEnabled=false, handlesAlerts=true, hasTouchScreen=false, version=61.0.3163.100, platform=XP, browserConnectionEnabled=false, nativeEvents=true, acceptSslCerts=true, locationContextEnabled=true, webStorageEnabled=true, browserName=chrome, takesScreenshot=true, javascriptEnabled=true, cssSelectorsEnabled=true, unexpectedAlertBehaviour=}]
Session ID: cbebb52571be27af5ab284150dc6828e]]>
            </line>
            <line>
              <![CDATA[12:41:17 [INFO] <a href="..\..\..\..\artifact\test-output\screenshots\2017_10_22_12_41_17_279.png">Screenshot</a>]]>
            </line>
            <line>
              <![CDATA[12:41:17 [INFO] ########################################################################]]>
            </line>
            <line>
              <![CDATA[12:41:18 [INFO] Set flag BUFFER_LOCKED value FALSE]]>
            </line>
          </reporter-output>
        </test-method> <!-- feature -->
        <test-method status="PASS" signature="tearDownClass()[pri:0, instance:appCucumberRunner.DCAllRunner@398f8526]" name="tearDownClass" is-config="true" duration-ms="103" started-at="2017-10-22T12:41:22Z" finished-at="2017-10-22T12:41:22Z">
          <reporter-output>
          </reporter-output>
        </test-method> <!-- tearDownClass -->
      </class> <!-- appCucumberRunner.DCAllRunner -->
    </test> <!-- Test -->
  </suite> <!-- Suite -->
</testng-results>
