<?xml version="1.0" encoding="UTF-8"?>
<testng-results skipped="0" failed="0" total="1" passed="1">
  <reporter-output>
    <line>
      <![CDATA[01:02:41 [INFO] ########################################################################]]>
    </line>
    <line>
      <![CDATA[01:02:41 [INFO] Starting test MajorSuite]]>
    </line>
    <line>
      <![CDATA[01:02:44 [INFO] Initializing browser]]>
    </line>
    <line>
      <![CDATA[01:02:48 [INFO] Navigating http://dc-autonoida.iii.com/iii/dc-noida/login/auth]]>
    </line>
    <line>
      <![CDATA[01:03:32 [INFO] no alert open
  (Session info: chrome=61.0.3163.100)
  (Driver info: chromedriver=2.29.461591 (62ebf098771772160f391d75e589dc567915b233),platform=Windows NT 6.1.7601 SP1 x86_64) (WARNING: The server did not provide any stacktrace information)
Command duration or timeout: 14 milliseconds
Build info: version: '3.4.0', revision: 'unknown', time: 'unknown'
System info: host: 'DEL1-LHP-N00608', ip: '10.27.1.150', os.name: 'Windows 7', os.arch: 'amd64', os.version: '6.1', java.version: '1.8.0_131'
Driver info: org.openqa.selenium.chrome.ChromeDriver
Capabilities [{applicationCacheEnabled=false, rotatable=false, mobileEmulationEnabled=false, networkConnectionEnabled=false, chrome={chromedriverVersion=2.29.461591 (62ebf098771772160f391d75e589dc567915b233), userDataDir=C:\Users\HITEND~1.PAW\AppData\Local\Temp\scoped_dir20192_26508}, takesHeapSnapshot=true, pageLoadStrategy=normal, databaseEnabled=false, handlesAlerts=true, hasTouchScreen=false, version=61.0.3163.100, platform=XP, browserConnectionEnabled=false, nativeEvents=true, acceptSslCerts=true, locationContextEnabled=true, webStorageEnabled=true, browserName=chrome, takesScreenshot=true, javascriptEnabled=true, cssSelectorsEnabled=true, unexpectedAlertBehaviour=}]
Session ID: 6303b821d0de131792f973529e3d10a7]]>
    </line>
    <line>
      <![CDATA[01:03:32 [INFO] MajorSuite test is ended]]>
    </line>
    <line>
      <![CDATA[01:03:32 [INFO] ########################################################################]]>
    </line>
    <line>
      <![CDATA[01:03:33 [INFO] Set flag BUFFER_LOCKED value FALSE]]>
    </line>
  </reporter-output>
  <suite name="Suite" duration-ms="57063" started-at="2017-10-18T19:32:41Z" finished-at="2017-10-18T19:33:38Z">
    <groups>
      <group name="test">
        <method signature="DCSuites.MajorSuite()[pri:0, instance:appTestRunner.DCSuites@6feb67a3]" name="MajorSuite" class="appTestRunner.DCSuites"/>
      </group> <!-- test -->
      <group name="smoke">
        <method signature="DCSuites.MajorSuite()[pri:0, instance:appTestRunner.DCSuites@6feb67a3]" name="MajorSuite" class="appTestRunner.DCSuites"/>
      </group> <!-- smoke -->
    </groups>
    <test name="Test" duration-ms="57063" started-at="2017-10-18T19:32:41Z" finished-at="2017-10-18T19:33:38Z">
      <class name="appTestRunner.DCSuites">
        <test-method status="PASS" signature="beforeMethod(java.lang.reflect.Method)[pri:0, instance:appTestRunner.DCSuites@6feb67a3]" name="beforeMethod" is-config="true" duration-ms="25" started-at="2017-10-19T01:02:41Z" finished-at="2017-10-19T01:02:41Z">
          <params>
            <param index="0">
              <value>
                <![CDATA[public void appTestRunner.DCSuites.MajorSuite() throws java.lang.Exception]]>
              </value>
            </param>
          </params>
          <reporter-output>
            <line>
              <![CDATA[01:02:41 [INFO] ########################################################################]]>
            </line>
            <line>
              <![CDATA[01:02:41 [INFO] Starting test MajorSuite]]>
            </line>
          </reporter-output>
        </test-method> <!-- beforeMethod -->
        <test-method status="PASS" signature="beforeTest()[pri:0, instance:appTestRunner.DCSuites@6feb67a3]" name="beforeTest" is-config="true" duration-ms="15693" started-at="2017-10-19T01:02:41Z" finished-at="2017-10-19T01:02:57Z">
          <reporter-output>
            <line>
              <![CDATA[01:02:44 [INFO] Initializing browser]]>
            </line>
            <line>
              <![CDATA[01:02:48 [INFO] Navigating http://dc-autonoida.iii.com/iii/dc-noida/login/auth]]>
            </line>
          </reporter-output>
        </test-method> <!-- beforeTest -->
        <test-method status="PASS" signature="MajorSuite()[pri:0, instance:appTestRunner.DCSuites@6feb67a3]" name="MajorSuite" duration-ms="35923" started-at="2017-10-19T01:02:57Z" finished-at="2017-10-19T01:03:32Z">
          <reporter-output>
            <line>
              <![CDATA[01:03:32 [INFO] no alert open
  (Session info: chrome=61.0.3163.100)
  (Driver info: chromedriver=2.29.461591 (62ebf098771772160f391d75e589dc567915b233),platform=Windows NT 6.1.7601 SP1 x86_64) (WARNING: The server did not provide any stacktrace information)
Command duration or timeout: 14 milliseconds
Build info: version: '3.4.0', revision: 'unknown', time: 'unknown'
System info: host: 'DEL1-LHP-N00608', ip: '10.27.1.150', os.name: 'Windows 7', os.arch: 'amd64', os.version: '6.1', java.version: '1.8.0_131'
Driver info: org.openqa.selenium.chrome.ChromeDriver
Capabilities [{applicationCacheEnabled=false, rotatable=false, mobileEmulationEnabled=false, networkConnectionEnabled=false, chrome={chromedriverVersion=2.29.461591 (62ebf098771772160f391d75e589dc567915b233), userDataDir=C:\Users\HITEND~1.PAW\AppData\Local\Temp\scoped_dir20192_26508}, takesHeapSnapshot=true, pageLoadStrategy=normal, databaseEnabled=false, handlesAlerts=true, hasTouchScreen=false, version=61.0.3163.100, platform=XP, browserConnectionEnabled=false, nativeEvents=true, acceptSslCerts=true, locationContextEnabled=true, webStorageEnabled=true, browserName=chrome, takesScreenshot=true, javascriptEnabled=true, cssSelectorsEnabled=true, unexpectedAlertBehaviour=}]
Session ID: 6303b821d0de131792f973529e3d10a7]]>
            </line>
            <line>
              <![CDATA[01:03:32 [INFO] MajorSuite test is ended]]>
            </line>
            <line>
              <![CDATA[01:03:32 [INFO] ########################################################################]]>
            </line>
            <line>
              <![CDATA[01:03:33 [INFO] Set flag BUFFER_LOCKED value FALSE]]>
            </line>
          </reporter-output>
        </test-method> <!-- MajorSuite -->
        <test-method status="PASS" signature="afterMethod(org.testng.ITestResult)[pri:0, instance:appTestRunner.DCSuites@6feb67a3]" name="afterMethod" is-config="true" duration-ms="5406" started-at="2017-10-19T01:03:32Z" finished-at="2017-10-19T01:03:38Z">
          <params>
            <param index="0">
              <value>
                <![CDATA[[TestResult name=MajorSuite status=SUCCESS method=DCSuites.MajorSuite()[pri:0, instance:appTestRunner.DCSuites@6feb67a3] output=01:03:32 [INFO] no alert open
  (Session info: chrome=61.0.3163.100)
  (Driver info: chromedriver=2.29.461591 (62ebf098771772160f391d75e589dc567915b233),platform=Windows NT 6.1.7601 SP1 x86_64) (WARNING: The server did not provide any stacktrace information)
Command duration or timeout: 14 milliseconds
Build info: version: '3.4.0', revision: 'unknown', time: 'unknown'
System info: host: 'DEL1-LHP-N00608', ip: '10.27.1.150', os.name: 'Windows 7', os.arch: 'amd64', os.version: '6.1', java.version: '1.8.0_131'
Driver info: org.openqa.selenium.chrome.ChromeDriver
Capabilities [{applicationCacheEnabled=false, rotatable=false, mobileEmulationEnabled=false, networkConnectionEnabled=false, chrome={chromedriverVersion=2.29.461591 (62ebf098771772160f391d75e589dc567915b233), userDataDir=C:\Users\HITEND~1.PAW\AppData\Local\Temp\scoped_dir20192_26508}, takesHeapSnapshot=true, pageLoadStrategy=normal, databaseEnabled=false, handlesAlerts=true, hasTouchScreen=false, version=61.0.3163.100, platform=XP, browserConnectionEnabled=false, nativeEvents=true, acceptSslCerts=true, locationContextEnabled=true, webStorageEnabled=true, browserName=chrome, takesScreenshot=true, javascriptEnabled=true, cssSelectorsEnabled=true, unexpectedAlertBehaviour=}]
Session ID: 6303b821d0de131792f973529e3d10a7]]]>
              </value>
            </param>
          </params>
          <reporter-output>
          </reporter-output>
        </test-method> <!-- afterMethod -->
      </class> <!-- appTestRunner.DCSuites -->
    </test> <!-- Test -->
  </suite> <!-- Suite -->
</testng-results>
