<?xml version="1.0" encoding="UTF-8"?>
<testng-results skipped="0" failed="0" total="2" passed="2">
  <reporter-output>
    <line>
      <![CDATA[11:03:01 [INFO] ############# Loading Config and one time loaded Resources #############]]>
    </line>
    <line>
      <![CDATA[11:03:01 [INFO] ############# configuration files is loaded]]>
    </line>
    <line>
      <![CDATA[11:03:02 [INFO] ############# Object Repository files is loaded]]>
    </line>
    <line>
      <![CDATA[11:03:02 [INFO] ############# Screen shot = ON]]>
    </line>
    <line>
      <![CDATA[11:03:02 [INFO] ############# FailedScreenshot Path = Resources//screenshots//Failed]]>
    </line>
    <line>
      <![CDATA[11:03:02 [INFO] ############# PassedScreenshot Path = Resources//screenshots//Passed]]>
    </line>
    <line>
      <![CDATA[11:03:03 [INFO] ########################################################################]]>
    </line>
    <line>
      <![CDATA[11:03:05 [INFO] Initializing browser]]>
    </line>
    <line>
      <![CDATA[11:03:08 [INFO] Navigating http://dc-autonoida.iii.com/iii/dc-noida/login/auth]]>
    </line>
    <line>
      <![CDATA[11:04:11 [INFO] ScreenShots Saved]]>
    </line>
    <line>
      <![CDATA[11:04:42 [INFO] ScreenShots Saved]]>
    </line>
    <line>
      <![CDATA[11:05:13 [INFO] ScreenShots Saved]]>
    </line>
    <line>
      <![CDATA[11:05:13 [INFO] no alert open
  (Session info: chrome=61.0.3163.100)
  (Driver info: chromedriver=2.29.461591 (62ebf098771772160f391d75e589dc567915b233),platform=Windows NT 6.1.7601 SP1 x86_64) (WARNING: The server did not provide any stacktrace information)
Command duration or timeout: 4 milliseconds
Build info: version: '3.4.0', revision: 'unknown', time: 'unknown'
System info: host: 'DEL1-LHP-N00608', ip: '172.16.77.144', os.name: 'Windows 7', os.arch: 'amd64', os.version: '6.1', java.version: '1.8.0_131'
Driver info: org.openqa.selenium.chrome.ChromeDriver
Capabilities [{applicationCacheEnabled=false, rotatable=false, mobileEmulationEnabled=false, networkConnectionEnabled=false, chrome={chromedriverVersion=2.29.461591 (62ebf098771772160f391d75e589dc567915b233), userDataDir=C:\Users\HITEND~1.PAW\AppData\Local\Temp\scoped_dir4632_20279}, takesHeapSnapshot=true, pageLoadStrategy=normal, databaseEnabled=false, handlesAlerts=true, hasTouchScreen=false, version=61.0.3163.100, platform=XP, browserConnectionEnabled=false, nativeEvents=true, acceptSslCerts=true, locationContextEnabled=true, webStorageEnabled=true, browserName=chrome, takesScreenshot=true, javascriptEnabled=true, cssSelectorsEnabled=true, unexpectedAlertBehaviour=}]
Session ID: 7081f5fc0be0b609d1bb139b7c38cb85]]>
    </line>
    <line>
      <![CDATA[11:05:13 [INFO] ScreenShots Saved]]>
    </line>
    <line>
      <![CDATA[11:05:13 [INFO] ########################################################################]]>
    </line>
    <line>
      <![CDATA[11:05:14 [INFO] Set flag BUFFER_LOCKED value FALSE]]>
    </line>
    <line>
      <![CDATA[11:05:20 [INFO] ########################################################################]]>
    </line>
    <line>
      <![CDATA[11:05:20 [INFO] Initializing browser]]>
    </line>
    <line>
      <![CDATA[11:05:23 [INFO] Navigating http://dc-autonoida.iii.com/iii/dc-noida/login/auth]]>
    </line>
    <line>
      <![CDATA[11:06:25 [INFO] ScreenShots Saved]]>
    </line>
    <line>
      <![CDATA[11:06:56 [INFO] ScreenShots Saved]]>
    </line>
    <line>
      <![CDATA[11:07:26 [INFO] ScreenShots Saved]]>
    </line>
    <line>
      <![CDATA[11:07:26 [INFO] no alert open
  (Session info: chrome=61.0.3163.100)
  (Driver info: chromedriver=2.29.461591 (62ebf098771772160f391d75e589dc567915b233),platform=Windows NT 6.1.7601 SP1 x86_64) (WARNING: The server did not provide any stacktrace information)
Command duration or timeout: 5 milliseconds
Build info: version: '3.4.0', revision: 'unknown', time: 'unknown'
System info: host: 'DEL1-LHP-N00608', ip: '172.16.77.144', os.name: 'Windows 7', os.arch: 'amd64', os.version: '6.1', java.version: '1.8.0_131'
Driver info: org.openqa.selenium.chrome.ChromeDriver
Capabilities [{applicationCacheEnabled=false, rotatable=false, mobileEmulationEnabled=false, networkConnectionEnabled=false, chrome={chromedriverVersion=2.29.461591 (62ebf098771772160f391d75e589dc567915b233), userDataDir=C:\Users\HITEND~1.PAW\AppData\Local\Temp\scoped_dir13128_6794}, takesHeapSnapshot=true, pageLoadStrategy=normal, databaseEnabled=false, handlesAlerts=true, hasTouchScreen=false, version=61.0.3163.100, platform=XP, browserConnectionEnabled=false, nativeEvents=true, acceptSslCerts=true, locationContextEnabled=true, webStorageEnabled=true, browserName=chrome, takesScreenshot=true, javascriptEnabled=true, cssSelectorsEnabled=true, unexpectedAlertBehaviour=}]
Session ID: fda8e054ad6b22c3f7bc543968e1c3f2]]>
    </line>
    <line>
      <![CDATA[11:07:27 [INFO] ScreenShots Saved]]>
    </line>
    <line>
      <![CDATA[11:07:27 [INFO] ########################################################################]]>
    </line>
    <line>
      <![CDATA[11:07:28 [INFO] Set flag BUFFER_LOCKED value FALSE]]>
    </line>
  </reporter-output>
  <suite name="Suite" duration-ms="269639" started-at="2017-11-03T05:33:02Z" finished-at="2017-11-03T05:37:32Z">
    <groups>
      <group name="cucumber">
        <method signature="AbstractTestNGCucumberTests.feature(cucumber.api.testng.CucumberFeatureWrapper)[pri:0, instance:appCucumberRunner.DCAllRunner@145f66e3]" name="feature" class="cucumber.api.testng.AbstractTestNGCucumberTests"/>
      </group> <!-- cucumber -->
    </groups>
    <test name="Test" duration-ms="269639" started-at="2017-11-03T05:33:02Z" finished-at="2017-11-03T05:37:32Z">
      <class name="appCucumberRunner.DCAllRunner">
        <test-method status="PASS" signature="setUpClass()[pri:0, instance:appCucumberRunner.DCAllRunner@145f66e3]" name="setUpClass" is-config="true" duration-ms="379" started-at="2017-11-03T11:03:02Z" finished-at="2017-11-03T11:03:03Z">
          <reporter-output>
          </reporter-output>
        </test-method> <!-- setUpClass -->
        <test-method status="PASS" signature="feature(cucumber.api.testng.CucumberFeatureWrapper)[pri:0, instance:appCucumberRunner.DCAllRunner@145f66e3]" name="feature" duration-ms="137217" started-at="2017-11-03T11:03:03Z" description="Runs Cucumber Feature" data-provider="features" finished-at="2017-11-03T11:05:20Z">
          <params>
            <param index="0">
              <value>
                <![CDATA[Balancing-Collection Use -> Subject Use]]>
              </value>
            </param>
          </params>
          <reporter-output>
            <line>
              <![CDATA[11:03:03 [INFO] ########################################################################]]>
            </line>
            <line>
              <![CDATA[11:03:05 [INFO] Initializing browser]]>
            </line>
            <line>
              <![CDATA[11:03:08 [INFO] Navigating http://dc-autonoida.iii.com/iii/dc-noida/login/auth]]>
            </line>
            <line>
              <![CDATA[11:04:11 [INFO] ScreenShots Saved]]>
            </line>
            <line>
              <![CDATA[11:04:42 [INFO] ScreenShots Saved]]>
            </line>
            <line>
              <![CDATA[11:05:13 [INFO] ScreenShots Saved]]>
            </line>
            <line>
              <![CDATA[11:05:13 [INFO] no alert open
  (Session info: chrome=61.0.3163.100)
  (Driver info: chromedriver=2.29.461591 (62ebf098771772160f391d75e589dc567915b233),platform=Windows NT 6.1.7601 SP1 x86_64) (WARNING: The server did not provide any stacktrace information)
Command duration or timeout: 4 milliseconds
Build info: version: '3.4.0', revision: 'unknown', time: 'unknown'
System info: host: 'DEL1-LHP-N00608', ip: '172.16.77.144', os.name: 'Windows 7', os.arch: 'amd64', os.version: '6.1', java.version: '1.8.0_131'
Driver info: org.openqa.selenium.chrome.ChromeDriver
Capabilities [{applicationCacheEnabled=false, rotatable=false, mobileEmulationEnabled=false, networkConnectionEnabled=false, chrome={chromedriverVersion=2.29.461591 (62ebf098771772160f391d75e589dc567915b233), userDataDir=C:\Users\HITEND~1.PAW\AppData\Local\Temp\scoped_dir4632_20279}, takesHeapSnapshot=true, pageLoadStrategy=normal, databaseEnabled=false, handlesAlerts=true, hasTouchScreen=false, version=61.0.3163.100, platform=XP, browserConnectionEnabled=false, nativeEvents=true, acceptSslCerts=true, locationContextEnabled=true, webStorageEnabled=true, browserName=chrome, takesScreenshot=true, javascriptEnabled=true, cssSelectorsEnabled=true, unexpectedAlertBehaviour=}]
Session ID: 7081f5fc0be0b609d1bb139b7c38cb85]]>
            </line>
            <line>
              <![CDATA[11:05:13 [INFO] ScreenShots Saved]]>
            </line>
            <line>
              <![CDATA[11:05:13 [INFO] ########################################################################]]>
            </line>
            <line>
              <![CDATA[11:05:14 [INFO] Set flag BUFFER_LOCKED value FALSE]]>
            </line>
          </reporter-output>
        </test-method> <!-- feature -->
        <test-method status="PASS" signature="feature(cucumber.api.testng.CucumberFeatureWrapper)[pri:0, instance:appCucumberRunner.DCAllRunner@145f66e3]" name="feature" duration-ms="131839" started-at="2017-11-03T11:05:20Z" description="Runs Cucumber Feature" data-provider="features" finished-at="2017-11-03T11:07:32Z">
          <params>
            <param index="0">
              <value>
                <![CDATA[Maintenance-Clean-up -> Missing Items]]>
              </value>
            </param>
          </params>
          <reporter-output>
            <line>
              <![CDATA[11:05:20 [INFO] ########################################################################]]>
            </line>
            <line>
              <![CDATA[11:05:20 [INFO] Initializing browser]]>
            </line>
            <line>
              <![CDATA[11:05:23 [INFO] Navigating http://dc-autonoida.iii.com/iii/dc-noida/login/auth]]>
            </line>
            <line>
              <![CDATA[11:06:25 [INFO] ScreenShots Saved]]>
            </line>
            <line>
              <![CDATA[11:06:56 [INFO] ScreenShots Saved]]>
            </line>
            <line>
              <![CDATA[11:07:26 [INFO] ScreenShots Saved]]>
            </line>
            <line>
              <![CDATA[11:07:26 [INFO] no alert open
  (Session info: chrome=61.0.3163.100)
  (Driver info: chromedriver=2.29.461591 (62ebf098771772160f391d75e589dc567915b233),platform=Windows NT 6.1.7601 SP1 x86_64) (WARNING: The server did not provide any stacktrace information)
Command duration or timeout: 5 milliseconds
Build info: version: '3.4.0', revision: 'unknown', time: 'unknown'
System info: host: 'DEL1-LHP-N00608', ip: '172.16.77.144', os.name: 'Windows 7', os.arch: 'amd64', os.version: '6.1', java.version: '1.8.0_131'
Driver info: org.openqa.selenium.chrome.ChromeDriver
Capabilities [{applicationCacheEnabled=false, rotatable=false, mobileEmulationEnabled=false, networkConnectionEnabled=false, chrome={chromedriverVersion=2.29.461591 (62ebf098771772160f391d75e589dc567915b233), userDataDir=C:\Users\HITEND~1.PAW\AppData\Local\Temp\scoped_dir13128_6794}, takesHeapSnapshot=true, pageLoadStrategy=normal, databaseEnabled=false, handlesAlerts=true, hasTouchScreen=false, version=61.0.3163.100, platform=XP, browserConnectionEnabled=false, nativeEvents=true, acceptSslCerts=true, locationContextEnabled=true, webStorageEnabled=true, browserName=chrome, takesScreenshot=true, javascriptEnabled=true, cssSelectorsEnabled=true, unexpectedAlertBehaviour=}]
Session ID: fda8e054ad6b22c3f7bc543968e1c3f2]]>
            </line>
            <line>
              <![CDATA[11:07:27 [INFO] ScreenShots Saved]]>
            </line>
            <line>
              <![CDATA[11:07:27 [INFO] ########################################################################]]>
            </line>
            <line>
              <![CDATA[11:07:28 [INFO] Set flag BUFFER_LOCKED value FALSE]]>
            </line>
          </reporter-output>
        </test-method> <!-- feature -->
        <test-method status="PASS" signature="tearDownClass()[pri:0, instance:appCucumberRunner.DCAllRunner@145f66e3]" name="tearDownClass" is-config="true" duration-ms="106" started-at="2017-11-03T11:07:32Z" finished-at="2017-11-03T11:07:32Z">
          <reporter-output>
          </reporter-output>
        </test-method> <!-- tearDownClass -->
      </class> <!-- appCucumberRunner.DCAllRunner -->
    </test> <!-- Test -->
  </suite> <!-- Suite -->
</testng-results>
